<?xml version="1.0" encoding="UTF-8"?>
<!-- Generated by org.testng.reporters.JUnitXMLReporter -->
<testsuite ignored="0" hostname="DESKTOP-B03J6F2" failures="1" tests="2" name="Test" time="19.613" errors="0" timestamp="2025-08-25T17:28:05 IST">
  <testcase classname="testScripts.LoginTest" name="tc001" time="19.295"/>
  <testcase classname="testScripts.LoginTest" name="tc002" time="0.087">
    <failure type="java.lang.AssertionError" message="expected [true] but found [false]">
      <![CDATA[java.lang.AssertionError: expected [true] but found [false]
at testScripts.LoginTest.tc002(LoginTest.java:26)
at java.base/java.util.ArrayList.forEach(ArrayList.java:1596)
... Removed 29 stack frames]]>
    </failure>
  </testcase> <!-- tc002 -->
</testsuite> <!-- Test -->
