<?xml version="1.0" encoding="UTF-8"?>
<testng-results ignored="0" total="1" passed="1" failed="0" skipped="0">
  <reporter-output>
  </reporter-output>
  <suite started-at="2025-09-02T16:10:25 IST" name="Default suite" finished-at="2025-09-02T16:10:46 IST" duration-ms="20884">
    <groups>
    </groups>
    <test started-at="2025-09-02T16:10:25 IST" name="Default test" finished-at="2025-09-02T16:10:46 IST" duration-ms="20884">
      <class name="testScripts.LoginTest">
        <test-method signature="tc001()[pri:0, instance:testScripts.LoginTest@7c7b252e]" started-at="2025-09-02T16:10:25 IST" name="tc001" finished-at="2025-09-02T16:10:46 IST" duration-ms="20600" status="PASS">
          <reporter-output>
          </reporter-output>
        </test-method> <!-- tc001 -->
      </class> <!-- testScripts.LoginTest -->
    </test> <!-- Default test -->
  </suite> <!-- Default suite -->
</testng-results>
