<?xml version="1.0" encoding="UTF-8"?>
<testng-results ignored="0" total="1" passed="1" failed="0" skipped="0">
  <reporter-output>
  </reporter-output>
  <suite started-at="2025-08-26T00:45:21 IST" name="Suite" finished-at="2025-08-26T00:45:36 IST" duration-ms="15228">
    <groups>
    </groups>
    <test started-at="2025-08-26T00:45:21 IST" name="Test" finished-at="2025-08-26T00:45:36 IST" duration-ms="15228">
      <class name="testScripts.LoginTest">
        <test-method signature="tc001()[pri:0, instance:testScripts.LoginTest@4d5d943d]" started-at="2025-08-26T00:45:21 IST" name="tc001" finished-at="2025-08-26T00:45:36 IST" duration-ms="14987" status="PASS">
          <reporter-output>
          </reporter-output>
        </test-method> <!-- tc001 -->
      </class> <!-- testScripts.LoginTest -->
    </test> <!-- Test -->
  </suite> <!-- Suite -->
</testng-results>
